Flow report for clarvi_fpga
Sun Nov 19 17:00:03 2017
Quartus Prime Version 16.1.0 Build 196 10/24/2016 SJ Lite Edition


---------------------
; Table of Contents ;
---------------------
  1. Legal Notice
  2. Flow Summary
  3. Flow Settings
  4. Flow Non-Default Global Settings
  5. Flow Elapsed Time
  6. Flow OS Summary
  7. Flow Log
  8. Flow Messages
  9. Flow Suppressed Messages



----------------
; Legal Notice ;
----------------
Copyright (C) 2016  Intel Corporation. All rights reserved.
Your use of Intel Corporation's design tools, logic functions 
and other software and tools, and its AMPP partner logic 
functions, and any output files from any of the foregoing 
(including device programming or simulation files), and any 
associated documentation or information are expressly subject 
to the terms and conditions of the Intel Program License 
Subscription Agreement, the Intel Quartus Prime License Agreement,
the Intel MegaCore Function License Agreement, or other 
applicable license agreement, including, without limitation, 
that your use is for the sole purpose of programming logic 
devices manufactured by Intel and sold by Intel or its 
authorized distributors.  Please refer to the applicable 
agreement for further details.



+-------------------------------------------------------------------------------+
; Flow Summary                                                                  ;
+---------------------------------+---------------------------------------------+
; Flow Status                     ; Successful - Sun Nov 19 17:00:03 2017       ;
; Quartus Prime Version           ; 16.1.0 Build 196 10/24/2016 SJ Lite Edition ;
; Revision Name                   ; clarvi_fpga                                 ;
; Top-level Entity Name           ; clarvi_fpga                                 ;
; Family                          ; Cyclone V                                   ;
; Device                          ; 5CSEMA5F31C6                                ;
; Timing Models                   ; Final                                       ;
; Logic utilization (in ALMs)     ; 2,805 / 32,070 ( 9 % )                      ;
; Total registers                 ; 3553                                        ;
; Total pins                      ; 246 / 457 ( 54 % )                          ;
; Total virtual pins              ; 0                                           ;
; Total block memory bits         ; 2,621,814 / 4,065,280 ( 64 % )              ;
; Total DSP Blocks                ; 2 / 87 ( 2 % )                              ;
; Total HSSI RX PCSs              ; 0                                           ;
; Total HSSI PMA RX Deserializers ; 0                                           ;
; Total HSSI TX PCSs              ; 0                                           ;
; Total HSSI PMA TX Serializers   ; 0                                           ;
; Total PLLs                      ; 1 / 6 ( 17 % )                              ;
; Total DLLs                      ; 0 / 4 ( 0 % )                               ;
+---------------------------------+---------------------------------------------+


+-----------------------------------------+
; Flow Settings                           ;
+-------------------+---------------------+
; Option            ; Setting             ;
+-------------------+---------------------+
; Start date & time ; 11/19/2017 16:37:11 ;
; Main task         ; Compilation         ;
; Revision Name     ; clarvi_fpga         ;
+-------------------+---------------------+


+-----------------------------------------------------------------------------------------------------------------------------------------------+
; Flow Non-Default Global Settings                                                                                                              ;
+-------------------------------------+--------------------------------------------------------------+---------------+-------------+------------+
; Assignment Name                     ; Value                                                        ; Default Value ; Entity Name ; Section Id ;
+-------------------------------------+--------------------------------------------------------------+---------------+-------------+------------+
; COMPILER_SIGNATURE_ID               ; 8796747652916.151110943110670                                ; --            ; --          ; --         ;
; ENABLE_SIGNALTAP                    ; On                                                           ; --            ; --          ; --         ;
; MAX_CORE_JUNCTION_TEMP              ; 85                                                           ; --            ; --          ; --         ;
; MIN_CORE_JUNCTION_TEMP              ; 0                                                            ; --            ; --          ; --         ;
; MISC_FILE                           ; clarvi_soc/synthesis/../clarvi_soc.cmp                       ; --            ; --          ; --         ;
; MISC_FILE                           ; clarvi_soc/synthesis/../../clarvi_soc.qsys                   ; --            ; --          ; --         ;
; MISC_FILE                           ; clarvi_soc/synthesis/submodules/riscv.svh                    ; --            ; --          ; --         ;
; PARTITION_COLOR                     ; -- (Not supported for targeted family)                       ; --            ; --          ; Top        ;
; PARTITION_FITTER_PRESERVATION_LEVEL ; -- (Not supported for targeted family)                       ; --            ; --          ; Top        ;
; PARTITION_NETLIST_TYPE              ; -- (Not supported for targeted family)                       ; --            ; --          ; Top        ;
; POWER_BOARD_THERMAL_MODEL           ; None (CONSERVATIVE)                                          ; --            ; --          ; --         ;
; POWER_PRESET_COOLING_SOLUTION       ; 23 MM HEAT SINK WITH 200 LFPM AIRFLOW                        ; --            ; --          ; --         ;
; PROJECT_OUTPUT_DIRECTORY            ; output_files                                                 ; --            ; --          ; --         ;
; SLD_FILE                            ; clarvi_soc/synthesis/clarvi_soc.regmap                       ; --            ; --          ; --         ;
; SLD_FILE                            ; clarvi_soc/synthesis/clarvi_soc.debuginfo                    ; --            ; --          ; --         ;
; SLD_INFO                            ; QSYS_NAME clarvi_soc HAS_SOPCINFO 1 GENERATION_ID 1511109103 ; --            ; clarvi_soc  ; --         ;
; SOPCINFO_FILE                       ; clarvi_soc/synthesis/../../clarvi_soc.sopcinfo               ; --            ; --          ; --         ;
; SYNTHESIS_ONLY_QIP                  ; On                                                           ; --            ; --          ; --         ;
; USE_SIGNALTAP_FILE                  ; stp1.stp                                                     ; --            ; --          ; --         ;
; VERILOG_INPUT_VERSION               ; SystemVerilog_2005                                           ; Verilog_2001  ; --          ; --         ;
; VERILOG_SHOW_LMF_MAPPING_MESSAGES   ; Off                                                          ; --            ; --          ; --         ;
+-------------------------------------+--------------------------------------------------------------+---------------+-------------+------------+


+-------------------------------------------------------------------------------------------------------------------------------+
; Flow Elapsed Time                                                                                                             ;
+---------------------------+--------------+-------------------------+---------------------+------------------------------------+
; Module Name               ; Elapsed Time ; Average Processors Used ; Peak Virtual Memory ; Total CPU Time (on all processors) ;
+---------------------------+--------------+-------------------------+---------------------+------------------------------------+
; Analysis & Synthesis      ; 00:00:57     ; 1.0                     ; 1105 MB             ; 00:00:52                           ;
; Fitter                    ; 00:07:18     ; 1.0                     ; 2238 MB             ; 00:06:55                           ;
; Assembler                 ; 00:00:16     ; 1.0                     ; 1071 MB             ; 00:00:14                           ;
; TimeQuest Timing Analyzer ; 00:01:08     ; 1.0                     ; 1339 MB             ; 00:01:02                           ;
; MIF/HEX Update            ; 00:00:18     ; 1.0                     ; 1386 MB             ; 00:00:16                           ;
; Assembler                 ; 00:00:20     ; 1.0                     ; 1070 MB             ; 00:00:17                           ;
; MIF/HEX Update            ; 00:00:14     ; 1.0                     ; 1391 MB             ; 00:00:13                           ;
; Assembler                 ; 00:00:20     ; 1.0                     ; 1072 MB             ; 00:00:18                           ;
; Total                     ; 00:10:51     ; --                      ; --                  ; 00:10:07                           ;
+---------------------------+--------------+-------------------------+---------------------+------------------------------------+


+---------------------------------------------------------------------------------------------+
; Flow OS Summary                                                                             ;
+---------------------------+------------------+----------------+------------+----------------+
; Module Name               ; Machine Hostname ; OS Name        ; OS Version ; Processor type ;
+---------------------------+------------------+----------------+------------+----------------+
; Analysis & Synthesis      ; ecad-VirtualBox  ; Ubuntu 16.04.3 ; 16         ; x86_64         ;
; Fitter                    ; ecad-VirtualBox  ; Ubuntu 16.04.3 ; 16         ; x86_64         ;
; Assembler                 ; ecad-VirtualBox  ; Ubuntu 16.04.3 ; 16         ; x86_64         ;
; TimeQuest Timing Analyzer ; ecad-VirtualBox  ; Ubuntu 16.04.3 ; 16         ; x86_64         ;
; MIF/HEX Update            ; ecad-VirtualBox  ; Ubuntu 16.04.3 ; 16         ; x86_64         ;
; Assembler                 ; ecad-VirtualBox  ; Ubuntu 16.04.3 ; 16         ; x86_64         ;
; MIF/HEX Update            ; ecad-VirtualBox  ; Ubuntu 16.04.3 ; 16         ; x86_64         ;
; Assembler                 ; ecad-VirtualBox  ; Ubuntu 16.04.3 ; 16         ; x86_64         ;
+---------------------------+------------------+----------------+------------+----------------+


------------
; Flow Log ;
------------
quartus_map --read_settings_files=on --write_settings_files=off clarvi_fpga -c clarvi_fpga
quartus_fit --read_settings_files=off --write_settings_files=off clarvi_fpga -c clarvi_fpga
quartus_asm --read_settings_files=off --write_settings_files=off clarvi_fpga -c clarvi_fpga
quartus_sta clarvi_fpga -c clarvi_fpga
quartus_cdb clarvi_fpga -c clarvi_fpga --update_mif
quartus_asm --read_settings_files=on --write_settings_files=off clarvi_fpga -c clarvi_fpga
quartus_cdb clarvi_fpga -c clarvi_fpga --update_mif
quartus_asm --read_settings_files=on --write_settings_files=off clarvi_fpga -c clarvi_fpga



